<?xml version="1.0" encoding="UTF-8"?>
<robot generator="Robot 5.0.1 (Python 3.11.5 on win32)" generated="20230910 17:46:55.682" rpa="false" schemaversion="3">
<suite id="s1" name="The-Internet-Herokuapp" source="c:\StudiesProjects\rf-browserlibrary\tests\the-internet-herokuapp.robot">
<test id="s1-t1" name="Interagindo com novas abas (pages)" line="19">
<kw name="Acessar &quot;https://the-internet.herokuapp.com/windows&quot;" library="the-internet-herokuapp" sourcename="Acessar &quot;${site}&quot;">
<kw name="New Browser" library="Browser">
<arg>browser=${BROWSER}</arg>
<arg>headless=${HEADLESS}</arg>
<tag>BrowserControl</tag>
<tag>Setter</tag>
<doc>Create a new playwright Browser with specified options.</doc>
<msg timestamp="20230910 17:46:57.129" level="INFO">{"browser": "chromium", "headless": false, "chromiumSandbox": false, "devtools": false, "handleSIGHUP": true, "handleSIGINT": true, "handleSIGTERM": true, "slowMo": 0.0, "timeout": 30000.0, "tracesDir": "C:\\StudiesProjects\\rf-browserlibrary\\browser\\traces\\26d4b481-ee37-4e3d-a0ea-712020c0069a"}</msg>
<msg timestamp="20230910 17:46:58.703" level="INFO">Successfully created browser with options: {"browser":"chromium","headless":false,"chromiumSandbox":false,"devtools":false,"handleSIGHUP":true,"handleSIGINT":true,"handleSIGTERM":true,"slowMo":0,"timeout":30000,"tracesDir":"C:\\StudiesProjects\\rf-browserlibrary\\browser\\traces\\26d4b481-ee37-4e3d-a0ea-712020c0069a"}</msg>
<status status="PASS" starttime="20230910 17:46:57.128" endtime="20230910 17:46:58.704"/>
</kw>
<kw name="New Page" library="Browser">
<arg>url=${site}</arg>
<tag>BrowserControl</tag>
<tag>Setter</tag>
<doc>Open a new Page.</doc>
<msg timestamp="20230910 17:47:02.134" level="INFO">Successfully initialized new page object and opened url: https://the-internet.herokuapp.com/windows</msg>
<msg timestamp="20230910 17:47:02.135" level="INFO">No context was open. New context was automatically opened when this page is created.</msg>
<status status="PASS" starttime="20230910 17:46:58.704" endtime="20230910 17:47:02.135"/>
</kw>
<status status="PASS" starttime="20230910 17:46:57.128" endtime="20230910 17:47:02.136"/>
</kw>
<kw name="Get Page Ids" library="Browser">
<var>${pagina_id}</var>
<arg>CURRENT</arg>
<tag>BrowserControl</tag>
<tag>Getter</tag>
<doc>Returns a list of page ids based on the context and browser selection.
See `Browser, Context and Page` for more information about Page and related concepts.</doc>
<msg timestamp="20230910 17:47:02.148" level="INFO">[
  {
    "type": "chromium",
    "id": "browser=c6960667-af9b-4a16-be50-adf5d4860d0f",
    "contexts": [
      {
        "type": "context",
        "id": "context=ac472aa9-e3d5-4a0d-851d-c4137056c5ee",
        "activePage": "page=fb4bcca9-1642-4e3d-aab8-506fbd8a32c2",
        "pages": [
          {
            "type": "page",
            "title": "The Internet",
            "url": "https://the-internet.herokuapp.com/windows",
            "id": "page=fb4bcca9-1642-4e3d-aab8-506fbd8a32c2",
            "timestamp": 1694378819.485
          }
        ]
      }
    ],
    "activeContext": "context=ac472aa9-e3d5-4a0d-851d-c4137056c5ee",
    "activeBrowser": true
  }
]</msg>
<msg timestamp="20230910 17:47:02.148" level="INFO">${pagina_id} = ['page=fb4bcca9-1642-4e3d-aab8-506fbd8a32c2']</msg>
<status status="PASS" starttime="20230910 17:47:02.137" endtime="20230910 17:47:02.149"/>
</kw>
<kw name="Clicar e ir para a nova página aberta" library="the-internet-herokuapp">
<kw name="Click" library="Browser">
<arg>text="Click Here"</arg>
<tag>PageContent</tag>
<tag>Setter</tag>
<doc>Simulates mouse click on the element found by ``selector``.</doc>
<status status="PASS" starttime="20230910 17:47:02.150" endtime="20230910 17:47:02.308"/>
</kw>
<kw name="Switch Page" library="Browser">
<arg>NEW</arg>
<tag>BrowserControl</tag>
<tag>Setter</tag>
<doc>Switches the active browser page to another open page by ``id`` or ``NEW``.</doc>
<msg timestamp="20230910 17:47:02.312" level="INFO">Switching to page NEW,context CURRENT, browser CURRENT</msg>
<msg timestamp="20230910 17:47:02.511" level="INFO">Activated new page page=8c237cc4-0edd-4db3-81f1-c8bd66d535be</msg>
<status status="PASS" starttime="20230910 17:47:02.308" endtime="20230910 17:47:02.513"/>
</kw>
<kw name="Get Text" library="Browser">
<arg>h3</arg>
<arg>==</arg>
<arg>New Window</arg>
<tag>Assertion</tag>
<tag>Getter</tag>
<tag>PageContent</tag>
<doc>Returns text attribute of the element found by ``selector``.</doc>
<msg timestamp="20230910 17:47:02.600" level="INFO">Text: 'New Window'</msg>
<status status="PASS" starttime="20230910 17:47:02.513" endtime="20230910 17:47:02.600"/>
</kw>
<kw name="Tirar Print" library="the-internet-herokuapp">
<kw name="Take Screenshot" library="Browser">
<tag>PageContent</tag>
<doc>Takes a screenshot of the current window or element and saves it to disk.</doc>
<msg timestamp="20230910 17:47:02.735" level="INFO" html="true">&lt;/td&gt;&lt;/tr&gt;&lt;tr&gt;&lt;td colspan="3"&gt;&lt;a href="browser/screenshot/robotframework-browser-screenshot-1.png" target="_blank"&gt;&lt;img src="browser/screenshot/robotframework-browser-screenshot-1.png" width="800px"/&gt;&lt;/a&gt;</msg>
<status status="PASS" starttime="20230910 17:47:02.601" endtime="20230910 17:47:02.735"/>
</kw>
<status status="PASS" starttime="20230910 17:47:02.600" endtime="20230910 17:47:02.735"/>
</kw>
<status status="PASS" starttime="20230910 17:47:02.149" endtime="20230910 17:47:02.735"/>
</kw>
<kw name="Voltar para a página inicial" library="the-internet-herokuapp">
<arg>${pagina_id}</arg>
<kw name="Switch Page" library="Browser">
<arg>${pagina_id}[0]</arg>
<tag>BrowserControl</tag>
<tag>Setter</tag>
<doc>Switches the active browser page to another open page by ``id`` or ``NEW``.</doc>
<msg timestamp="20230910 17:47:02.737" level="INFO">Switching to page page=fb4bcca9-1642-4e3d-aab8-506fbd8a32c2,context CURRENT, browser CURRENT</msg>
<msg timestamp="20230910 17:47:02.745" level="INFO">[
  {
    "type": "chromium",
    "id": "browser=c6960667-af9b-4a16-be50-adf5d4860d0f",
    "contexts": [
      {
        "type": "context",
        "id": "context=ac472aa9-e3d5-4a0d-851d-c4137056c5ee",
        "activePage": "page=8c237cc4-0edd-4db3-81f1-c8bd66d535be",
        "pages": [
          {
            "type": "page",
            "title": "The Internet",
            "url": "https://the-internet.herokuapp.com/windows",
            "id": "page=fb4bcca9-1642-4e3d-aab8-506fbd8a32c2",
            "timestamp": 1694378819.485
          },
          {
            "type": "page",
            "title": "New Window",
            "url": "https://the-internet.herokuapp.com/windows/new",
            "id": "page=8c237cc4-0edd-4db3-81f1-c8bd66d535be",
            "timestamp": 1694378822.489
          }
        ]
      }
    ],
    "activeContext": "context=ac472aa9-e3d5-4a0d-851d-c4137056c5ee",
    "activeBrowser": true
  }
]</msg>
<msg timestamp="20230910 17:47:02.766" level="INFO">Successfully changed active page</msg>
<status status="PASS" starttime="20230910 17:47:02.736" endtime="20230910 17:47:02.766"/>
</kw>
<kw name="Tirar Print" library="the-internet-herokuapp">
<kw name="Take Screenshot" library="Browser">
<tag>PageContent</tag>
<doc>Takes a screenshot of the current window or element and saves it to disk.</doc>
<msg timestamp="20230910 17:47:02.895" level="INFO" html="true">&lt;/td&gt;&lt;/tr&gt;&lt;tr&gt;&lt;td colspan="3"&gt;&lt;a href="browser/screenshot/robotframework-browser-screenshot-2.png" target="_blank"&gt;&lt;img src="browser/screenshot/robotframework-browser-screenshot-2.png" width="800px"/&gt;&lt;/a&gt;</msg>
<status status="PASS" starttime="20230910 17:47:02.767" endtime="20230910 17:47:02.897"/>
</kw>
<status status="PASS" starttime="20230910 17:47:02.767" endtime="20230910 17:47:02.898"/>
</kw>
<status status="PASS" starttime="20230910 17:47:02.736" endtime="20230910 17:47:02.898"/>
</kw>
<kw name="Tirar Print" library="the-internet-herokuapp" type="TEARDOWN">
<kw name="Take Screenshot" library="Browser">
<tag>PageContent</tag>
<doc>Takes a screenshot of the current window or element and saves it to disk.</doc>
<msg timestamp="20230910 17:47:03.021" level="INFO" html="true">&lt;/td&gt;&lt;/tr&gt;&lt;tr&gt;&lt;td colspan="3"&gt;&lt;a href="browser/screenshot/robotframework-browser-screenshot-3.png" target="_blank"&gt;&lt;img src="browser/screenshot/robotframework-browser-screenshot-3.png" width="800px"/&gt;&lt;/a&gt;</msg>
<status status="PASS" starttime="20230910 17:47:02.900" endtime="20230910 17:47:03.021"/>
</kw>
<status status="PASS" starttime="20230910 17:47:02.898" endtime="20230910 17:47:03.021"/>
</kw>
<status status="PASS" starttime="20230910 17:46:57.124" endtime="20230910 17:47:03.022"/>
</test>
<status status="PASS" starttime="20230910 17:46:55.691" endtime="20230910 17:47:03.141"/>
</suite>
<statistics>
<total>
<stat pass="1" fail="0" skip="0">All Tests</stat>
</total>
<tag>
</tag>
<suite>
<stat pass="1" fail="0" skip="0" id="s1" name="The-Internet-Herokuapp">The-Internet-Herokuapp</stat>
</suite>
</statistics>
<errors>
</errors>
</robot>
